<html>
<body>
<pre>
<h1>µVision Build Log</h1>
<h2>Tool Versions:</h2>
IDE-Version: µVision V5.26.2.0
Copyright (C) 2018 ARM Ltd and ARM Germany GmbH. All rights reserved.
License Information: Félix Ozcoz, Universidad de Zaragoza, LIC=----
 
Tool Versions:
Toolchain:       MDK-Lite  Version: 5.26.2.0
Toolchain Path:  C:\Keil_v5\ARM\ARMCC\Bin
C Compiler:      Armcc.exe V5.06 update 6 (build 750)
Assembler:       Armasm.exe V5.06 update 6 (build 750)
Linker/Locator:  ArmLink.exe V5.06 update 6 (build 750)
Library Manager: ArmAr.exe V5.06 update 6 (build 750)
Hex Converter:   FromElf.exe V5.06 update 6 (build 750)
CPU DLL:         SARM.DLL V5.26.2.0
Dialog DLL:      DARMP.DLL V1.53.0.0
Target DLL:      UL2ARM.DLL V1.74.10.0
Dialog DLL:      TARMP.DLL V1.53.0.0
 
<h2>Project:</h2>
C:\Users\felix\OneDrive\Escritorio\Universidad\PH\Proyecto-Hardware\Prac1\fuentes\keil_ejemplo_perifericos\keil_reversi\keil_reversi.uvproj
Project File Date:  11/29/2023

<h2>Output:</h2>
*** Using Compiler 'V5.06 update 6 (build 750)', folder: 'C:\Keil_v5\ARM\ARMCC\Bin'
Rebuild target 'Conecta_k'
compiling temporizador_drv.c...
assembling Startup.s...
compiling Retarget.c...
compiling alarmas.c...
compiling int_external_hal.c...
compiling hello_world.c...
compiling visualizar.c...
assembling SWI.s...
compiling WD_hal.c...
compiling main.c...
compiling temporizador_hal.c...
compiling linea_serie_hal.c...
compiling juego.c...
juego.c(172): error:  #29: expected an expression
      for (int i = 0; i < NUM_FILAS; i++) {
juego.c(172): error:  #20: identifier "i" is undefined
      for (int i = 0; i < NUM_FILAS; i++) {
juego.c(42): warning:  #550-D: variable "condicion"  was set but never used
  static condicionFin_t condicion;
juego.c(44): warning:  #177-D: variable "pantalla"  was declared but never referenced
  static uint8_t pantalla[NUM_FILAS + 1][NUM_COLUMNAS + 1]; 		// Visualizacion en memoria
juego.c: 2 warnings, 2 errors
compiling power_hal.c...
compiling cola_FIFO.c...
compiling planificador.c...
compiling botones.c...
compiling linea_serie_drv.c...
compiling Power_management.c...
compiling SWI_hal.c...
compiling entrada.c...
compiling tablero.c...
assembling conecta_K_buscar_alineamiento_arm.s...
compiling cola_mensajes.c...
compiling conecta_K_2023.c...
assembling conecta_K_buscar_alineamiento_arm_iterativo.s...
assembling conecta_K_hay_linea_arm_arm.s...
assembling conecta_K_hay_linea_arm_c.s...
compiling test_alarmas.c...
compiling test_cola_mensajes.c...
test_cola_mensajes.c(8): warning:  #177-D: variable "mdes"  was declared but never referenced
  	Mensaje_t m1, m2, m3, mdes;
test_cola_mensajes.c: 1 warning, 0 errors
compiling test_botones.c...
compiling test_consumo.c...
compiling test_FIFO.c...
compiling test_juego.c...
compiling test_GPIO.c...
".\keil_reversi.axf" - 2 Error(s), 3 Warning(s).
Target not created.
Build Time Elapsed:  00:00:03
</pre>
</body>
</html>
